-------------------------------------------------------------------------------
Test set: com.devcom.GroceryApplicationTests
-------------------------------------------------------------------------------
Tests run: 1, Failures: 0, Errors: 1, Skipped: 0, Time elapsed: 0.25 s <<< FAILURE! - in com.devcom.GroceryApplicationTests
com.devcom.GroceryApplicationTests  Time elapsed: 0.25 s  <<< ERROR!
java.lang.IllegalStateException: Unable to find a @SpringBootConfiguration, you need to use @ContextConfiguration or @SpringBootTest(classes=...) with your test

