-------------------------------------------------------------------------------
Test set: com.devcom.DevcomApplicationTests
-------------------------------------------------------------------------------
Tests run: 1, Failures: 0, Errors: 1, Skipped: 0, Time elapsed: 1.041 s <<< FAILURE! - in com.devcom.DevcomApplicationTests
com.devcom.DevcomApplicationTests  Time elapsed: 1.038 s  <<< ERROR!
java.lang.IllegalStateException: Unable to find a @SpringBootConfiguration, you need to use @ContextConfiguration or @SpringBootTest(classes=...) with your test

